<?xml version="1.0" encoding="UTF-8"?>
<!-- Generated by org.testng.reporters.JUnitReportReporter -->
<testsuite hostname="DESKTOP-AQ6SRBB" failures="0" tests="1" name="com.devopstest.testclass" time="5.701" errors="0" timestamp="17 Aug 2023 11:18:13 GMT" skipped="0">
  <testcase classname="com.devopstest.testclass" name="add" time="5.701"/>
</testsuite> <!-- com.devopstest.testclass -->
